The system is: Linux - 5.4.0-89-generic - x86_64
Compiling the C compiler identification source file "CMakeCCompilerId.c" succeeded.
Compiler: /usr/bin/cc 
Build flags: 
Id flags:  

The output was:
0


Compilation of the C compiler identification source "CMakeCCompilerId.c" produced "a.out"

The C compiler identification is GNU, found in "/home/trains77/glfw/build/CMakeFiles/3.10.2/CompilerIdC/a.out"

Determining if the C compiler works passed with the following output:
Change Dir: /home/trains77/glfw/build/CMakeFiles/CMakeTmp

Run Build Command:"/usr/bin/make" "cmTC_663e0/fast"
/usr/bin/make -f CMakeFiles/cmTC_663e0.dir/build.make CMakeFiles/cmTC_663e0.dir/build
make[1]: Entering directory '/home/trains77/glfw/build/CMakeFiles/CMakeTmp'
Building C object CMakeFiles/cmTC_663e0.dir/testCCompiler.c.o
/usr/bin/cc    -o CMakeFiles/cmTC_663e0.dir/testCCompiler.c.o   -c /home/trains77/glfw/build/CMakeFiles/CMakeTmp/testCCompiler.c
Linking C executable cmTC_663e0
/usr/bin/cmake -E cmake_link_script CMakeFiles/cmTC_663e0.dir/link.txt --verbose=1
/usr/bin/cc      -rdynamic CMakeFiles/cmTC_663e0.dir/testCCompiler.c.o  -o cmTC_663e0 
make[1]: Leaving directory '/home/trains77/glfw/build/CMakeFiles/CMakeTmp'


Detecting C compiler ABI info compiled with the following output:
Change Dir: /home/trains77/glfw/build/CMakeFiles/CMakeTmp

Run Build Command:"/usr/bin/make" "cmTC_26dfe/fast"
/usr/bin/make -f CMakeFiles/cmTC_26dfe.dir/build.make CMakeFiles/cmTC_26dfe.dir/build
make[1]: Entering directory '/home/trains77/glfw/build/CMakeFiles/CMakeTmp'
Building C object CMakeFiles/cmTC_26dfe.dir/CMakeCCompilerABI.c.o
/usr/bin/cc    -o CMakeFiles/cmTC_26dfe.dir/CMakeCCompilerABI.c.o   -c /usr/share/cmake-3.10/Modules/CMakeCCompilerABI.c
Linking C executable cmTC_26dfe
/usr/bin/cmake -E cmake_link_script CMakeFiles/cmTC_26dfe.dir/link.txt --verbose=1
/usr/bin/cc     -v -rdynamic CMakeFiles/cmTC_26dfe.dir/CMakeCCompilerABI.c.o  -o cmTC_26dfe 
Using built-in specs.
COLLECT_GCC=/usr/bin/cc
COLLECT_LTO_WRAPPER=/usr/lib/gcc/x86_64-linux-gnu/10/lto-wrapper
OFFLOAD_TARGET_NAMES=nvptx-none:amdgcn-amdhsa:hsa
OFFLOAD_TARGET_DEFAULT=1
Target: x86_64-linux-gnu
Configured with: ../src/configure -v --with-pkgversion='Debian 10.2.1-6' --with-bugurl=file:///usr/share/doc/gcc-10/README.Bugs --enable-languages=c,ada,c++,go,brig,d,fortran,objc,obj-c++,m2 --prefix=/usr --with-gcc-major-version-only --program-suffix=-10 --program-prefix=x86_64-linux-gnu- --enable-shared --enable-linker-build-id --libexecdir=/usr/lib --without-included-gettext --enable-threads=posix --libdir=/usr/lib --enable-nls --enable-bootstrap --enable-clocale=gnu --enable-libstdcxx-debug --enable-libstdcxx-time=yes --with-default-libstdcxx-abi=new --enable-gnu-unique-object --disable-vtable-verify --enable-plugin --enable-default-pie --with-system-zlib --enable-libphobos-checking=release --with-target-system-zlib=auto --enable-objc-gc=auto --enable-multiarch --disable-werror --with-arch-32=i686 --with-abi=m64 --with-multilib-list=m32,m64,mx32 --enable-multilib --with-tune=generic --enable-offload-targets=nvptx-none=/build/gcc-10-Km9U7s/gcc-10-10.2.1/debian/tmp-nvptx/usr,amdgcn-amdhsa=/build/gcc-10-Km9U7s/gcc-10-10.2.1/debian/tmp-gcn/usr,hsa --without-cuda-driver --enable-checking=release --build=x86_64-linux-gnu --host=x86_64-linux-gnu --target=x86_64-linux-gnu --with-build-config=bootstrap-lto-lean --enable-link-mutex
Thread model: posix
Supported LTO compression algorithms: zlib zstd
gcc version 10.2.1 20210110 (Debian 10.2.1-6) 
COMPILER_PATH=/usr/lib/gcc/x86_64-linux-gnu/10/:/usr/lib/gcc/x86_64-linux-gnu/10/:/usr/lib/gcc/x86_64-linux-gnu/:/usr/lib/gcc/x86_64-linux-gnu/10/:/usr/lib/gcc/x86_64-linux-gnu/
LIBRARY_PATH=/usr/lib/gcc/x86_64-linux-gnu/10/:/usr/lib/gcc/x86_64-linux-gnu/10/../../../x86_64-linux-gnu/:/usr/lib/gcc/x86_64-linux-gnu/10/../../../../lib/:/lib/x86_64-linux-gnu/:/lib/../lib/:/usr/lib/x86_64-linux-gnu/:/usr/lib/../lib/:/usr/lib/gcc/x86_64-linux-gnu/10/../../../:/lib/:/usr/lib/
COLLECT_GCC_OPTIONS='-v' '-rdynamic' '-o' 'cmTC_26dfe' '-mtune=generic' '-march=x86-64'
 /usr/lib/gcc/x86_64-linux-gnu/10/collect2 -plugin /usr/lib/gcc/x86_64-linux-gnu/10/liblto_plugin.so -plugin-opt=/usr/lib/gcc/x86_64-linux-gnu/10/lto-wrapper -plugin-opt=-fresolution=/tmp/ccU1tWrK.res -plugin-opt=-pass-through=-lgcc -plugin-opt=-pass-through=-lgcc_s -plugin-opt=-pass-through=-lc -plugin-opt=-pass-through=-lgcc -plugin-opt=-pass-through=-lgcc_s --build-id --eh-frame-hdr -m elf_x86_64 --hash-style=gnu --as-needed -export-dynamic -dynamic-linker /lib64/ld-linux-x86-64.so.2 -pie -o cmTC_26dfe /usr/lib/gcc/x86_64-linux-gnu/10/../../../x86_64-linux-gnu/Scrt1.o /usr/lib/gcc/x86_64-linux-gnu/10/../../../x86_64-linux-gnu/crti.o /usr/lib/gcc/x86_64-linux-gnu/10/crtbeginS.o -L/usr/lib/gcc/x86_64-linux-gnu/10 -L/usr/lib/gcc/x86_64-linux-gnu/10/../../../x86_64-linux-gnu -L/usr/lib/gcc/x86_64-linux-gnu/10/../../../../lib -L/lib/x86_64-linux-gnu -L/lib/../lib -L/usr/lib/x86_64-linux-gnu -L/usr/lib/../lib -L/usr/lib/gcc/x86_64-linux-gnu/10/../../.. CMakeFiles/cmTC_26dfe.dir/CMakeCCompilerABI.c.o -lgcc --push-state --as-needed -lgcc_s --pop-state -lc -lgcc --push-state --as-needed -lgcc_s --pop-state /usr/lib/gcc/x86_64-linux-gnu/10/crtendS.o /usr/lib/gcc/x86_64-linux-gnu/10/../../../x86_64-linux-gnu/crtn.o
COLLECT_GCC_OPTIONS='-v' '-rdynamic' '-o' 'cmTC_26dfe' '-mtune=generic' '-march=x86-64'
make[1]: Leaving directory '/home/trains77/glfw/build/CMakeFiles/CMakeTmp'


Parsed C implicit link information from above output:
  link line regex: [^( *|.*[/\])(ld|CMAKE_LINK_STARTFILE-NOTFOUND|([^/\]+-)?ld|collect2)[^/\]*( |$)]
  ignore line: [Change Dir: /home/trains77/glfw/build/CMakeFiles/CMakeTmp]
  ignore line: []
  ignore line: [Run Build Command:"/usr/bin/make" "cmTC_26dfe/fast"]
  ignore line: [/usr/bin/make -f CMakeFiles/cmTC_26dfe.dir/build.make CMakeFiles/cmTC_26dfe.dir/build]
  ignore line: [make[1]: Entering directory '/home/trains77/glfw/build/CMakeFiles/CMakeTmp']
  ignore line: [Building C object CMakeFiles/cmTC_26dfe.dir/CMakeCCompilerABI.c.o]
  ignore line: [/usr/bin/cc    -o CMakeFiles/cmTC_26dfe.dir/CMakeCCompilerABI.c.o   -c /usr/share/cmake-3.10/Modules/CMakeCCompilerABI.c]
  ignore line: [Linking C executable cmTC_26dfe]
  ignore line: [/usr/bin/cmake -E cmake_link_script CMakeFiles/cmTC_26dfe.dir/link.txt --verbose=1]
  ignore line: [/usr/bin/cc     -v -rdynamic CMakeFiles/cmTC_26dfe.dir/CMakeCCompilerABI.c.o  -o cmTC_26dfe ]
  ignore line: [Using built-in specs.]
  ignore line: [COLLECT_GCC=/usr/bin/cc]
  ignore line: [COLLECT_LTO_WRAPPER=/usr/lib/gcc/x86_64-linux-gnu/10/lto-wrapper]
  ignore line: [OFFLOAD_TARGET_NAMES=nvptx-none:amdgcn-amdhsa:hsa]
  ignore line: [OFFLOAD_TARGET_DEFAULT=1]
  ignore line: [Target: x86_64-linux-gnu]
  ignore line: [Configured with: ../src/configure -v --with-pkgversion='Debian 10.2.1-6' --with-bugurl=file:///usr/share/doc/gcc-10/README.Bugs --enable-languages=c,ada,c++,go,brig,d,fortran,objc,obj-c++,m2 --prefix=/usr --with-gcc-major-version-only --program-suffix=-10 --program-prefix=x86_64-linux-gnu- --enable-shared --enable-linker-build-id --libexecdir=/usr/lib --without-included-gettext --enable-threads=posix --libdir=/usr/lib --enable-nls --enable-bootstrap --enable-clocale=gnu --enable-libstdcxx-debug --enable-libstdcxx-time=yes --with-default-libstdcxx-abi=new --enable-gnu-unique-object --disable-vtable-verify --enable-plugin --enable-default-pie --with-system-zlib --enable-libphobos-checking=release --with-target-system-zlib=auto --enable-objc-gc=auto --enable-multiarch --disable-werror --with-arch-32=i686 --with-abi=m64 --with-multilib-list=m32,m64,mx32 --enable-multilib --with-tune=generic --enable-offload-targets=nvptx-none=/build/gcc-10-Km9U7s/gcc-10-10.2.1/debian/tmp-nvptx/usr,amdgcn-amdhsa=/build/gcc-10-Km9U7s/gcc-10-10.2.1/debian/tmp-gcn/usr,hsa --without-cuda-driver --enable-checking=release --build=x86_64-linux-gnu --host=x86_64-linux-gnu --target=x86_64-linux-gnu --with-build-config=bootstrap-lto-lean --enable-link-mutex]
  ignore line: [Thread model: posix]
  ignore line: [Supported LTO compression algorithms: zlib zstd]
  ignore line: [gcc version 10.2.1 20210110 (Debian 10.2.1-6) ]
  ignore line: [COMPILER_PATH=/usr/lib/gcc/x86_64-linux-gnu/10/:/usr/lib/gcc/x86_64-linux-gnu/10/:/usr/lib/gcc/x86_64-linux-gnu/:/usr/lib/gcc/x86_64-linux-gnu/10/:/usr/lib/gcc/x86_64-linux-gnu/]
  ignore line: [LIBRARY_PATH=/usr/lib/gcc/x86_64-linux-gnu/10/:/usr/lib/gcc/x86_64-linux-gnu/10/../../../x86_64-linux-gnu/:/usr/lib/gcc/x86_64-linux-gnu/10/../../../../lib/:/lib/x86_64-linux-gnu/:/lib/../lib/:/usr/lib/x86_64-linux-gnu/:/usr/lib/../lib/:/usr/lib/gcc/x86_64-linux-gnu/10/../../../:/lib/:/usr/lib/]
  ignore line: [COLLECT_GCC_OPTIONS='-v' '-rdynamic' '-o' 'cmTC_26dfe' '-mtune=generic' '-march=x86-64']
  link line: [ /usr/lib/gcc/x86_64-linux-gnu/10/collect2 -plugin /usr/lib/gcc/x86_64-linux-gnu/10/liblto_plugin.so -plugin-opt=/usr/lib/gcc/x86_64-linux-gnu/10/lto-wrapper -plugin-opt=-fresolution=/tmp/ccU1tWrK.res -plugin-opt=-pass-through=-lgcc -plugin-opt=-pass-through=-lgcc_s -plugin-opt=-pass-through=-lc -plugin-opt=-pass-through=-lgcc -plugin-opt=-pass-through=-lgcc_s --build-id --eh-frame-hdr -m elf_x86_64 --hash-style=gnu --as-needed -export-dynamic -dynamic-linker /lib64/ld-linux-x86-64.so.2 -pie -o cmTC_26dfe /usr/lib/gcc/x86_64-linux-gnu/10/../../../x86_64-linux-gnu/Scrt1.o /usr/lib/gcc/x86_64-linux-gnu/10/../../../x86_64-linux-gnu/crti.o /usr/lib/gcc/x86_64-linux-gnu/10/crtbeginS.o -L/usr/lib/gcc/x86_64-linux-gnu/10 -L/usr/lib/gcc/x86_64-linux-gnu/10/../../../x86_64-linux-gnu -L/usr/lib/gcc/x86_64-linux-gnu/10/../../../../lib -L/lib/x86_64-linux-gnu -L/lib/../lib -L/usr/lib/x86_64-linux-gnu -L/usr/lib/../lib -L/usr/lib/gcc/x86_64-linux-gnu/10/../../.. CMakeFiles/cmTC_26dfe.dir/CMakeCCompilerABI.c.o -lgcc --push-state --as-needed -lgcc_s --pop-state -lc -lgcc --push-state --as-needed -lgcc_s --pop-state /usr/lib/gcc/x86_64-linux-gnu/10/crtendS.o /usr/lib/gcc/x86_64-linux-gnu/10/../../../x86_64-linux-gnu/crtn.o]
    arg [/usr/lib/gcc/x86_64-linux-gnu/10/collect2] ==> ignore
    arg [-plugin] ==> ignore
    arg [/usr/lib/gcc/x86_64-linux-gnu/10/liblto_plugin.so] ==> ignore
    arg [-plugin-opt=/usr/lib/gcc/x86_64-linux-gnu/10/lto-wrapper] ==> ignore
    arg [-plugin-opt=-fresolution=/tmp/ccU1tWrK.res] ==> ignore
    arg [-plugin-opt=-pass-through=-lgcc] ==> ignore
    arg [-plugin-opt=-pass-through=-lgcc_s] ==> ignore
    arg [-plugin-opt=-pass-through=-lc] ==> ignore
    arg [-plugin-opt=-pass-through=-lgcc] ==> ignore
    arg [-plugin-opt=-pass-through=-lgcc_s] ==> ignore
    arg [--build-id] ==> ignore
    arg [--eh-frame-hdr] ==> ignore
    arg [-m] ==> ignore
    arg [elf_x86_64] ==> ignore
    arg [--hash-style=gnu] ==> ignore
    arg [--as-needed] ==> ignore
    arg [-export-dynamic] ==> ignore
    arg [-dynamic-linker] ==> ignore
    arg [/lib64/ld-linux-x86-64.so.2] ==> ignore
    arg [-pie] ==> ignore
    arg [-o] ==> ignore
    arg [cmTC_26dfe] ==> ignore
    arg [/usr/lib/gcc/x86_64-linux-gnu/10/../../../x86_64-linux-gnu/Scrt1.o] ==> ignore
    arg [/usr/lib/gcc/x86_64-linux-gnu/10/../../../x86_64-linux-gnu/crti.o] ==> ignore
    arg [/usr/lib/gcc/x86_64-linux-gnu/10/crtbeginS.o] ==> ignore
    arg [-L/usr/lib/gcc/x86_64-linux-gnu/10] ==> dir [/usr/lib/gcc/x86_64-linux-gnu/10]
    arg [-L/usr/lib/gcc/x86_64-linux-gnu/10/../../../x86_64-linux-gnu] ==> dir [/usr/lib/gcc/x86_64-linux-gnu/10/../../../x86_64-linux-gnu]
    arg [-L/usr/lib/gcc/x86_64-linux-gnu/10/../../../../lib] ==> dir [/usr/lib/gcc/x86_64-linux-gnu/10/../../../../lib]
    arg [-L/lib/x86_64-linux-gnu] ==> dir [/lib/x86_64-linux-gnu]
    arg [-L/lib/../lib] ==> dir [/lib/../lib]
    arg [-L/usr/lib/x86_64-linux-gnu] ==> dir [/usr/lib/x86_64-linux-gnu]
    arg [-L/usr/lib/../lib] ==> dir [/usr/lib/../lib]
    arg [-L/usr/lib/gcc/x86_64-linux-gnu/10/../../..] ==> dir [/usr/lib/gcc/x86_64-linux-gnu/10/../../..]
    arg [CMakeFiles/cmTC_26dfe.dir/CMakeCCompilerABI.c.o] ==> ignore
    arg [-lgcc] ==> lib [gcc]
    arg [--push-state] ==> ignore
    arg [--as-needed] ==> ignore
    arg [-lgcc_s] ==> lib [gcc_s]
    arg [--pop-state] ==> ignore
    arg [-lc] ==> lib [c]
    arg [-lgcc] ==> lib [gcc]
    arg [--push-state] ==> ignore
    arg [--as-needed] ==> ignore
    arg [-lgcc_s] ==> lib [gcc_s]
    arg [--pop-state] ==> ignore
    arg [/usr/lib/gcc/x86_64-linux-gnu/10/crtendS.o] ==> ignore
    arg [/usr/lib/gcc/x86_64-linux-gnu/10/../../../x86_64-linux-gnu/crtn.o] ==> ignore
  collapse library dir [/usr/lib/gcc/x86_64-linux-gnu/10] ==> [/usr/lib/gcc/x86_64-linux-gnu/10]
  collapse library dir [/usr/lib/gcc/x86_64-linux-gnu/10/../../../x86_64-linux-gnu] ==> [/usr/lib/x86_64-linux-gnu]
  collapse library dir [/usr/lib/gcc/x86_64-linux-gnu/10/../../../../lib] ==> [/usr/lib]
  collapse library dir [/lib/x86_64-linux-gnu] ==> [/lib/x86_64-linux-gnu]
  collapse library dir [/lib/../lib] ==> [/lib]
  collapse library dir [/usr/lib/x86_64-linux-gnu] ==> [/usr/lib/x86_64-linux-gnu]
  collapse library dir [/usr/lib/../lib] ==> [/usr/lib]
  collapse library dir [/usr/lib/gcc/x86_64-linux-gnu/10/../../..] ==> [/usr/lib]
  implicit libs: [gcc;gcc_s;c;gcc;gcc_s]
  implicit dirs: [/usr/lib/gcc/x86_64-linux-gnu/10;/usr/lib/x86_64-linux-gnu;/usr/lib;/lib/x86_64-linux-gnu;/lib]
  implicit fwks: []




Detecting C [-std=c11] compiler features compiled with the following output:
Change Dir: /home/trains77/glfw/build/CMakeFiles/CMakeTmp

Run Build Command:"/usr/bin/make" "cmTC_7d3df/fast"
/usr/bin/make -f CMakeFiles/cmTC_7d3df.dir/build.make CMakeFiles/cmTC_7d3df.dir/build
make[1]: Entering directory '/home/trains77/glfw/build/CMakeFiles/CMakeTmp'
Building C object CMakeFiles/cmTC_7d3df.dir/feature_tests.c.o
/usr/bin/cc   -std=c11 -o CMakeFiles/cmTC_7d3df.dir/feature_tests.c.o   -c /home/trains77/glfw/build/CMakeFiles/feature_tests.c
Linking C executable cmTC_7d3df
/usr/bin/cmake -E cmake_link_script CMakeFiles/cmTC_7d3df.dir/link.txt --verbose=1
/usr/bin/cc      -rdynamic CMakeFiles/cmTC_7d3df.dir/feature_tests.c.o  -o cmTC_7d3df 
make[1]: Leaving directory '/home/trains77/glfw/build/CMakeFiles/CMakeTmp'


    Feature record: C_FEATURE:1c_function_prototypes
    Feature record: C_FEATURE:1c_restrict
    Feature record: C_FEATURE:1c_static_assert
    Feature record: C_FEATURE:1c_variadic_macros


Detecting C [-std=c99] compiler features compiled with the following output:
Change Dir: /home/trains77/glfw/build/CMakeFiles/CMakeTmp

Run Build Command:"/usr/bin/make" "cmTC_2de3f/fast"
/usr/bin/make -f CMakeFiles/cmTC_2de3f.dir/build.make CMakeFiles/cmTC_2de3f.dir/build
make[1]: Entering directory '/home/trains77/glfw/build/CMakeFiles/CMakeTmp'
Building C object CMakeFiles/cmTC_2de3f.dir/feature_tests.c.o
/usr/bin/cc   -std=c99 -o CMakeFiles/cmTC_2de3f.dir/feature_tests.c.o   -c /home/trains77/glfw/build/CMakeFiles/feature_tests.c
Linking C executable cmTC_2de3f
/usr/bin/cmake -E cmake_link_script CMakeFiles/cmTC_2de3f.dir/link.txt --verbose=1
/usr/bin/cc      -rdynamic CMakeFiles/cmTC_2de3f.dir/feature_tests.c.o  -o cmTC_2de3f 
make[1]: Leaving directory '/home/trains77/glfw/build/CMakeFiles/CMakeTmp'


    Feature record: C_FEATURE:1c_function_prototypes
    Feature record: C_FEATURE:1c_restrict
    Feature record: C_FEATURE:0c_static_assert
    Feature record: C_FEATURE:1c_variadic_macros


Detecting C [-std=c90] compiler features compiled with the following output:
Change Dir: /home/trains77/glfw/build/CMakeFiles/CMakeTmp

Run Build Command:"/usr/bin/make" "cmTC_2d7e2/fast"
/usr/bin/make -f CMakeFiles/cmTC_2d7e2.dir/build.make CMakeFiles/cmTC_2d7e2.dir/build
make[1]: Entering directory '/home/trains77/glfw/build/CMakeFiles/CMakeTmp'
Building C object CMakeFiles/cmTC_2d7e2.dir/feature_tests.c.o
/usr/bin/cc   -std=c90 -o CMakeFiles/cmTC_2d7e2.dir/feature_tests.c.o   -c /home/trains77/glfw/build/CMakeFiles/feature_tests.c
Linking C executable cmTC_2d7e2
/usr/bin/cmake -E cmake_link_script CMakeFiles/cmTC_2d7e2.dir/link.txt --verbose=1
/usr/bin/cc      -rdynamic CMakeFiles/cmTC_2d7e2.dir/feature_tests.c.o  -o cmTC_2d7e2 
make[1]: Leaving directory '/home/trains77/glfw/build/CMakeFiles/CMakeTmp'


    Feature record: C_FEATURE:1c_function_prototypes
    Feature record: C_FEATURE:0c_restrict
    Feature record: C_FEATURE:0c_static_assert
    Feature record: C_FEATURE:0c_variadic_macros
Determining if the include file pthread.h exists passed with the following output:
Change Dir: /home/trains77/glfw/build/CMakeFiles/CMakeTmp

Run Build Command:"/usr/bin/make" "cmTC_ff464/fast"
/usr/bin/make -f CMakeFiles/cmTC_ff464.dir/build.make CMakeFiles/cmTC_ff464.dir/build
make[1]: Entering directory '/home/trains77/glfw/build/CMakeFiles/CMakeTmp'
Building C object CMakeFiles/cmTC_ff464.dir/CheckIncludeFile.c.o
/usr/bin/cc    -o CMakeFiles/cmTC_ff464.dir/CheckIncludeFile.c.o   -c /home/trains77/glfw/build/CMakeFiles/CMakeTmp/CheckIncludeFile.c
Linking C executable cmTC_ff464
/usr/bin/cmake -E cmake_link_script CMakeFiles/cmTC_ff464.dir/link.txt --verbose=1
/usr/bin/cc      -rdynamic CMakeFiles/cmTC_ff464.dir/CheckIncludeFile.c.o  -o cmTC_ff464 
make[1]: Leaving directory '/home/trains77/glfw/build/CMakeFiles/CMakeTmp'


Determining if the function pthread_create exists in the pthread passed with the following output:
Change Dir: /home/trains77/glfw/build/CMakeFiles/CMakeTmp

Run Build Command:"/usr/bin/make" "cmTC_faa42/fast"
/usr/bin/make -f CMakeFiles/cmTC_faa42.dir/build.make CMakeFiles/cmTC_faa42.dir/build
make[1]: Entering directory '/home/trains77/glfw/build/CMakeFiles/CMakeTmp'
Building C object CMakeFiles/cmTC_faa42.dir/CheckFunctionExists.c.o
/usr/bin/cc   -DCHECK_FUNCTION_EXISTS=pthread_create   -o CMakeFiles/cmTC_faa42.dir/CheckFunctionExists.c.o   -c /usr/share/cmake-3.10/Modules/CheckFunctionExists.c
Linking C executable cmTC_faa42
/usr/bin/cmake -E cmake_link_script CMakeFiles/cmTC_faa42.dir/link.txt --verbose=1
/usr/bin/cc  -DCHECK_FUNCTION_EXISTS=pthread_create    -rdynamic CMakeFiles/cmTC_faa42.dir/CheckFunctionExists.c.o  -o cmTC_faa42 -lpthread 
make[1]: Leaving directory '/home/trains77/glfw/build/CMakeFiles/CMakeTmp'


Determining if the function XOpenDisplay exists in the /usr/lib/x86_64-linux-gnu/libX11.so;/usr/lib/x86_64-linux-gnu/libXext.so passed with the following output:
Change Dir: /home/trains77/glfw/build/CMakeFiles/CMakeTmp

Run Build Command:"/usr/bin/make" "cmTC_01d78/fast"
/usr/bin/make -f CMakeFiles/cmTC_01d78.dir/build.make CMakeFiles/cmTC_01d78.dir/build
make[1]: Entering directory '/home/trains77/glfw/build/CMakeFiles/CMakeTmp'
Building C object CMakeFiles/cmTC_01d78.dir/CheckFunctionExists.c.o
/usr/bin/cc   -DCHECK_FUNCTION_EXISTS=XOpenDisplay   -o CMakeFiles/cmTC_01d78.dir/CheckFunctionExists.c.o   -c /usr/share/cmake-3.10/Modules/CheckFunctionExists.c
Linking C executable cmTC_01d78
/usr/bin/cmake -E cmake_link_script CMakeFiles/cmTC_01d78.dir/link.txt --verbose=1
/usr/bin/cc  -DCHECK_FUNCTION_EXISTS=XOpenDisplay    -rdynamic CMakeFiles/cmTC_01d78.dir/CheckFunctionExists.c.o  -o cmTC_01d78 /usr/lib/x86_64-linux-gnu/libX11.so /usr/lib/x86_64-linux-gnu/libXext.so 
make[1]: Leaving directory '/home/trains77/glfw/build/CMakeFiles/CMakeTmp'


Determining if the function gethostbyname exists passed with the following output:
Change Dir: /home/trains77/glfw/build/CMakeFiles/CMakeTmp

Run Build Command:"/usr/bin/make" "cmTC_ae27a/fast"
/usr/bin/make -f CMakeFiles/cmTC_ae27a.dir/build.make CMakeFiles/cmTC_ae27a.dir/build
make[1]: Entering directory '/home/trains77/glfw/build/CMakeFiles/CMakeTmp'
Building C object CMakeFiles/cmTC_ae27a.dir/CheckFunctionExists.c.o
/usr/bin/cc   -DCHECK_FUNCTION_EXISTS=gethostbyname   -o CMakeFiles/cmTC_ae27a.dir/CheckFunctionExists.c.o   -c /usr/share/cmake-3.10/Modules/CheckFunctionExists.c
Linking C executable cmTC_ae27a
/usr/bin/cmake -E cmake_link_script CMakeFiles/cmTC_ae27a.dir/link.txt --verbose=1
/usr/bin/cc  -DCHECK_FUNCTION_EXISTS=gethostbyname    -rdynamic CMakeFiles/cmTC_ae27a.dir/CheckFunctionExists.c.o  -o cmTC_ae27a 
make[1]: Leaving directory '/home/trains77/glfw/build/CMakeFiles/CMakeTmp'


Determining if the function connect exists passed with the following output:
Change Dir: /home/trains77/glfw/build/CMakeFiles/CMakeTmp

Run Build Command:"/usr/bin/make" "cmTC_aea89/fast"
/usr/bin/make -f CMakeFiles/cmTC_aea89.dir/build.make CMakeFiles/cmTC_aea89.dir/build
make[1]: Entering directory '/home/trains77/glfw/build/CMakeFiles/CMakeTmp'
Building C object CMakeFiles/cmTC_aea89.dir/CheckFunctionExists.c.o
/usr/bin/cc   -DCHECK_FUNCTION_EXISTS=connect   -o CMakeFiles/cmTC_aea89.dir/CheckFunctionExists.c.o   -c /usr/share/cmake-3.10/Modules/CheckFunctionExists.c
Linking C executable cmTC_aea89
/usr/bin/cmake -E cmake_link_script CMakeFiles/cmTC_aea89.dir/link.txt --verbose=1
/usr/bin/cc  -DCHECK_FUNCTION_EXISTS=connect    -rdynamic CMakeFiles/cmTC_aea89.dir/CheckFunctionExists.c.o  -o cmTC_aea89 
make[1]: Leaving directory '/home/trains77/glfw/build/CMakeFiles/CMakeTmp'


Determining if the function remove exists passed with the following output:
Change Dir: /home/trains77/glfw/build/CMakeFiles/CMakeTmp

Run Build Command:"/usr/bin/make" "cmTC_f9629/fast"
/usr/bin/make -f CMakeFiles/cmTC_f9629.dir/build.make CMakeFiles/cmTC_f9629.dir/build
make[1]: Entering directory '/home/trains77/glfw/build/CMakeFiles/CMakeTmp'
Building C object CMakeFiles/cmTC_f9629.dir/CheckFunctionExists.c.o
/usr/bin/cc   -DCHECK_FUNCTION_EXISTS=remove   -o CMakeFiles/cmTC_f9629.dir/CheckFunctionExists.c.o   -c /usr/share/cmake-3.10/Modules/CheckFunctionExists.c
Linking C executable cmTC_f9629
/usr/bin/cmake -E cmake_link_script CMakeFiles/cmTC_f9629.dir/link.txt --verbose=1
/usr/bin/cc  -DCHECK_FUNCTION_EXISTS=remove    -rdynamic CMakeFiles/cmTC_f9629.dir/CheckFunctionExists.c.o  -o cmTC_f9629 
make[1]: Leaving directory '/home/trains77/glfw/build/CMakeFiles/CMakeTmp'


Determining if the function shmat exists passed with the following output:
Change Dir: /home/trains77/glfw/build/CMakeFiles/CMakeTmp

Run Build Command:"/usr/bin/make" "cmTC_39508/fast"
/usr/bin/make -f CMakeFiles/cmTC_39508.dir/build.make CMakeFiles/cmTC_39508.dir/build
make[1]: Entering directory '/home/trains77/glfw/build/CMakeFiles/CMakeTmp'
Building C object CMakeFiles/cmTC_39508.dir/CheckFunctionExists.c.o
/usr/bin/cc   -DCHECK_FUNCTION_EXISTS=shmat   -o CMakeFiles/cmTC_39508.dir/CheckFunctionExists.c.o   -c /usr/share/cmake-3.10/Modules/CheckFunctionExists.c
Linking C executable cmTC_39508
/usr/bin/cmake -E cmake_link_script CMakeFiles/cmTC_39508.dir/link.txt --verbose=1
/usr/bin/cc  -DCHECK_FUNCTION_EXISTS=shmat    -rdynamic CMakeFiles/cmTC_39508.dir/CheckFunctionExists.c.o  -o cmTC_39508 
make[1]: Leaving directory '/home/trains77/glfw/build/CMakeFiles/CMakeTmp'


Determining if the function IceConnectionNumber exists in the ICE passed with the following output:
Change Dir: /home/trains77/glfw/build/CMakeFiles/CMakeTmp

Run Build Command:"/usr/bin/make" "cmTC_ec33f/fast"
/usr/bin/make -f CMakeFiles/cmTC_ec33f.dir/build.make CMakeFiles/cmTC_ec33f.dir/build
make[1]: Entering directory '/home/trains77/glfw/build/CMakeFiles/CMakeTmp'
Building C object CMakeFiles/cmTC_ec33f.dir/CheckFunctionExists.c.o
/usr/bin/cc   -DCHECK_FUNCTION_EXISTS=IceConnectionNumber   -o CMakeFiles/cmTC_ec33f.dir/CheckFunctionExists.c.o   -c /usr/share/cmake-3.10/Modules/CheckFunctionExists.c
Linking C executable cmTC_ec33f
/usr/bin/cmake -E cmake_link_script CMakeFiles/cmTC_ec33f.dir/link.txt --verbose=1
/usr/bin/cc  -DCHECK_FUNCTION_EXISTS=IceConnectionNumber    -rdynamic CMakeFiles/cmTC_ec33f.dir/CheckFunctionExists.c.o  -o cmTC_ec33f -lICE 
make[1]: Leaving directory '/home/trains77/glfw/build/CMakeFiles/CMakeTmp'


Determining if files xkbcommon/xkbcommon-compose.h exist passed with the following output:
Change Dir: /home/trains77/glfw/build/CMakeFiles/CMakeTmp

Run Build Command:"/usr/bin/make" "cmTC_069e0/fast"
/usr/bin/make -f CMakeFiles/cmTC_069e0.dir/build.make CMakeFiles/cmTC_069e0.dir/build
make[1]: Entering directory '/home/trains77/glfw/build/CMakeFiles/CMakeTmp'
Building C object CMakeFiles/cmTC_069e0.dir/CheckIncludeFiles.c.o
/usr/bin/cc    -o CMakeFiles/cmTC_069e0.dir/CheckIncludeFiles.c.o   -c /home/trains77/glfw/build/CMakeFiles/CMakeTmp/CheckIncludeFiles.c
Linking C executable cmTC_069e0
/usr/bin/cmake -E cmake_link_script CMakeFiles/cmTC_069e0.dir/link.txt --verbose=1
/usr/bin/cc      -rdynamic CMakeFiles/cmTC_069e0.dir/CheckIncludeFiles.c.o  -o cmTC_069e0 
make[1]: Leaving directory '/home/trains77/glfw/build/CMakeFiles/CMakeTmp'


Determining if the function memfd_create exists passed with the following output:
Change Dir: /home/trains77/glfw/build/CMakeFiles/CMakeTmp

Run Build Command:"/usr/bin/make" "cmTC_33ee2/fast"
/usr/bin/make -f CMakeFiles/cmTC_33ee2.dir/build.make CMakeFiles/cmTC_33ee2.dir/build
make[1]: Entering directory '/home/trains77/glfw/build/CMakeFiles/CMakeTmp'
Building C object CMakeFiles/cmTC_33ee2.dir/CheckFunctionExists.c.o
/usr/bin/cc   -DCHECK_FUNCTION_EXISTS=memfd_create   -o CMakeFiles/cmTC_33ee2.dir/CheckFunctionExists.c.o   -c /usr/share/cmake-3.10/Modules/CheckFunctionExists.c
Linking C executable cmTC_33ee2
/usr/bin/cmake -E cmake_link_script CMakeFiles/cmTC_33ee2.dir/link.txt --verbose=1
/usr/bin/cc  -DCHECK_FUNCTION_EXISTS=memfd_create    -rdynamic CMakeFiles/cmTC_33ee2.dir/CheckFunctionExists.c.o  -o cmTC_33ee2 
make[1]: Leaving directory '/home/trains77/glfw/build/CMakeFiles/CMakeTmp'


